2016-04-25 09:20:05	<?xml version="1.0" encoding="utf-8" ?><error_response><code>15</code><msg>Remote service error</msg><sub_code>isv.SMS_TEMPLATE_ILLEGAL</sub_code><sub_msg>短信模板不合法</sub_msg><request_id>101yjqz8wfljl</request_id></error_response><!--top010178059114.n.et2-->
2016-04-25 13:17:13	<?xml version="1.0" encoding="utf-8" ?><error_response><code>15</code><msg>Remote service error</msg><sub_code>isv.MOBILE_NUMBER_ILLEGAL</sub_code><sub_msg>号码格式错误</sub_msg><request_id>15q0soc64mm3k</request_id></error_response><!--top010179134198.s.et2-->
2016-04-25 13:17:14	<?xml version="1.0" encoding="utf-8" ?><error_response><code>15</code><msg>Remote service error</msg><sub_code>isv.MOBILE_NUMBER_ILLEGAL</sub_code><sub_msg>号码格式错误</sub_msg><request_id>15py0wgcnnq2j</request_id></error_response><!--top010179134166.s.et2-->
2016-04-25 13:17:19	<?xml version="1.0" encoding="utf-8" ?><error_response><code>15</code><msg>Remote service error</msg><sub_code>isv.MOBILE_NUMBER_ILLEGAL</sub_code><sub_msg>号码格式错误</sub_msg><request_id>qm4zrj6qeywm</request_id></error_response><!--top010176019177.et2-->
2016-04-25 13:21:09	<?xml version="1.0" encoding="utf-8" ?><error_response><code>15</code><msg>Remote service error</msg><sub_code>isv.MOBILE_NUMBER_ILLEGAL</sub_code><sub_msg>号码格式错误</sub_msg><request_id>10fi8yhcxas8c</request_id></error_response><!--top010178081113.n.et2-->
2016-04-25 13:21:13	<?xml version="1.0" encoding="utf-8" ?><error_response><code>15</code><msg>Remote service error</msg><sub_code>isv.MOBILE_NUMBER_ILLEGAL</sub_code><sub_msg>号码格式错误</sub_msg><request_id>iv1tfaeg5abu</request_id></error_response><!--top010184078140.et2-->
2016-04-25 13:21:14	<?xml version="1.0" encoding="utf-8" ?><error_response><code>15</code><msg>Remote service error</msg><sub_code>isv.MOBILE_NUMBER_ILLEGAL</sub_code><sub_msg>号码格式错误</sub_msg><request_id>ze2c87o9hv66</request_id></error_response><!--top010178020166.n.et2-->
2016-04-25 13:22:12	<?xml version="1.0" encoding="utf-8" ?><error_response><code>15</code><msg>Remote service error</msg><sub_code>isv.MOBILE_NUMBER_ILLEGAL</sub_code><sub_msg>号码格式错误</sub_msg><request_id>iv0s0bzvxynz</request_id></error_response><!--top010184078128.et2-->
2016-04-25 13:22:15	<?xml version="1.0" encoding="utf-8" ?><error_response><code>15</code><msg>Remote service error</msg><sub_code>isv.MOBILE_NUMBER_ILLEGAL</sub_code><sub_msg>号码格式错误</sub_msg><request_id>zq6ld6m711da</request_id></error_response><!--top010178040083.n.et2-->
2016-04-25 13:22:16	<?xml version="1.0" encoding="utf-8" ?><error_response><code>15</code><msg>Remote service error</msg><sub_code>isv.MOBILE_NUMBER_ILLEGAL</sub_code><sub_msg>号码格式错误</sub_msg><request_id>10fcpepr2ty5c</request_id></error_response><!--top010178081049.n.et2-->
2016-04-25 13:22:19	<?xml version="1.0" encoding="utf-8" ?><error_response><code>15</code><msg>Remote service error</msg><sub_code>isv.MOBILE_NUMBER_ILLEGAL</sub_code><sub_msg>号码格式错误</sub_msg><request_id>15q85pa7iieex</request_id></error_response><!--top010179135027.s.et2-->
2016-04-25 13:23:31	<?xml version="1.0" encoding="utf-8" ?><error_response><code>15</code><msg>Remote service error</msg><sub_code>isv.MOBILE_NUMBER_ILLEGAL</sub_code><sub_msg>号码格式错误</sub_msg><request_id>14766fc1pfmln</request_id></error_response><!--top010179045183.s.et2-->
2016-04-25 13:23:32	<?xml version="1.0" encoding="utf-8" ?><error_response><code>15</code><msg>Remote service error</msg><sub_code>isv.MOBILE_NUMBER_ILLEGAL</sub_code><sub_msg>号码格式错误</sub_msg><request_id>isgyz6ivarka</request_id></error_response><!--top010184074092.et2-->
2016-04-25 13:23:37	<?xml version="1.0" encoding="utf-8" ?><error_response><code>15</code><msg>Remote service error</msg><sub_code>isv.MOBILE_NUMBER_ILLEGAL</sub_code><sub_msg>号码格式错误</sub_msg><request_id>10fk2fnond0wc</request_id></error_response><!--top010178081134.n.et2-->
2016-04-25 13:23:56	<?xml version="1.0" encoding="utf-8" ?><error_response><code>15</code><msg>Remote service error</msg><sub_code>isv.MOBILE_NUMBER_ILLEGAL</sub_code><sub_msg>号码格式错误</sub_msg><request_id>12lot4soukqzp</request_id></error_response><!--top010178208098.n.et2-->
2016-04-25 13:23:58	<?xml version="1.0" encoding="utf-8" ?><error_response><code>15</code><msg>Remote service error</msg><sub_code>isv.MOBILE_NUMBER_ILLEGAL</sub_code><sub_msg>号码格式错误</sub_msg><request_id>z28qljrmxs7c</request_id></error_response><!--top010178001116.n.et2-->
2016-04-25 13:24:03	<?xml version="1.0" encoding="utf-8" ?><error_response><code>15</code><msg>Remote service error</msg><sub_code>isv.MOBILE_NUMBER_ILLEGAL</sub_code><sub_msg>号码格式错误</sub_msg><request_id>z2bolxbsqjjw</request_id></error_response><!--top010178001150.n.et2-->
2016-04-25 13:24:04	<?xml version="1.0" encoding="utf-8" ?><error_response><code>15</code><msg>Remote service error</msg><sub_code>isv.MOBILE_NUMBER_ILLEGAL</sub_code><sub_msg>号码格式错误</sub_msg><request_id>14smwtgee7ubc</request_id></error_response><!--top172029080145.n.et2-->
2016-04-25 13:24:06	<?xml version="1.0" encoding="utf-8" ?><error_response><code>15</code><msg>Remote service error</msg><sub_code>isv.MOBILE_NUMBER_ILLEGAL</sub_code><sub_msg>号码格式错误</sub_msg><request_id>10fjzbetux2fe</request_id></error_response><!--top010178081133.n.et2-->
2016-04-25 13:26:02	<?xml version="1.0" encoding="utf-8" ?><error_response><code>15</code><msg>Remote service error</msg><sub_code>isv.MOBILE_NUMBER_ILLEGAL</sub_code><sub_msg>号码格式错误</sub_msg><request_id>10esixbasqm1o</request_id></error_response><!--top010178080072.n.et2-->
2016-04-25 13:26:03	<?xml version="1.0" encoding="utf-8" ?><error_response><code>15</code><msg>Remote service error</msg><sub_code>isv.MOBILE_NUMBER_ILLEGAL</sub_code><sub_msg>号码格式错误</sub_msg><request_id>z28tpsp1mjtj</request_id></error_response><!--top010178001117.n.et2-->
2016-04-25 13:26:44	<?xml version="1.0" encoding="utf-8" ?><error_response><code>15</code><msg>Remote service error</msg><sub_code>isv.MOBILE_NUMBER_ILLEGAL</sub_code><sub_msg>号码格式错误</sub_msg><request_id>z299b127wcq5</request_id></error_response><!--top010178001122.n.et2-->
2016-04-25 13:26:46	<?xml version="1.0" encoding="utf-8" ?><error_response><code>15</code><msg>Remote service error</msg><sub_code>isv.MOBILE_NUMBER_ILLEGAL</sub_code><sub_msg>号码格式错误</sub_msg><request_id>r4konha2lm8v</request_id></error_response><!--top010176049160.et2-->
2016-04-25 13:26:47	<?xml version="1.0" encoding="utf-8" ?><error_response><code>15</code><msg>Remote service error</msg><sub_code>isv.MOBILE_NUMBER_ILLEGAL</sub_code><sub_msg>号码格式错误</sub_msg><request_id>15q00m4m6tvib</request_id></error_response><!--top010179134189.s.et2-->
2016-04-25 13:27:30	<?xml version="1.0" encoding="utf-8" ?><error_response><code>15</code><msg>Remote service error</msg><sub_code>isv.MOBILE_NUMBER_ILLEGAL</sub_code><sub_msg>号码格式错误</sub_msg><request_id>z248gqnsmrn8</request_id></error_response><!--top010178001064.n.et2-->
2016-04-25 13:27:31	<?xml version="1.0" encoding="utf-8" ?><error_response><code>15</code><msg>Remote service error</msg><sub_code>isv.MOBILE_NUMBER_ILLEGAL</sub_code><sub_msg>号码格式错误</sub_msg><request_id>z2a7lqna1jjz</request_id></error_response><!--top010178001133.n.et2-->
2016-04-25 13:27:32	<?xml version="1.0" encoding="utf-8" ?><error_response><code>15</code><msg>Remote service error</msg><sub_code>isv.MOBILE_NUMBER_ILLEGAL</sub_code><sub_msg>号码格式错误</sub_msg><request_id>z2932jcfxr2p</request_id></error_response><!--top010178001120.n.et2-->
2016-04-25 13:30:01	<?xml version="1.0" encoding="utf-8" ?><error_response><code>15</code><msg>Remote service error</msg><sub_code>isv.MOBILE_NUMBER_ILLEGAL</sub_code><sub_msg>号码格式错误</sub_msg><request_id>11ig468wfof42</request_id></error_response><!--top010178144171.n.et2-->
2016-04-25 13:30:06	<?xml version="1.0" encoding="utf-8" ?><error_response><code>15</code><msg>Remote service error</msg><sub_code>isv.MOBILE_NUMBER_ILLEGAL</sub_code><sub_msg>号码格式错误</sub_msg><request_id>z26525uywjdo</request_id></error_response><!--top010178001086.n.et2-->
2016-04-25 13:30:07	<?xml version="1.0" encoding="utf-8" ?><error_response><code>15</code><msg>Remote service error</msg><sub_code>isv.MOBILE_NUMBER_ILLEGAL</sub_code><sub_msg>号码格式错误</sub_msg><request_id>15py74ygckaic</request_id></error_response><!--top010179134168.s.et2-->
2016-04-25 13:30:10	<?xml version="1.0" encoding="utf-8" ?><error_response><code>15</code><msg>Remote service error</msg><sub_code>isv.MOBILE_NUMBER_ILLEGAL</sub_code><sub_msg>号码格式错误</sub_msg><request_id>zt9stj31qw79</request_id></error_response><!--top010178045087.n.et2-->
2016-04-25 13:30:30	<?xml version="1.0" encoding="utf-8" ?><error_response><code>15</code><msg>Remote service error</msg><sub_code>isv.MOBILE_NUMBER_ILLEGAL</sub_code><sub_msg>号码格式错误</sub_msg><request_id>isgmi78ro2t3</request_id></error_response><!--top010184074088.et2-->
2016-04-25 13:30:32	<?xml version="1.0" encoding="utf-8" ?><error_response><code>15</code><msg>Remote service error</msg><sub_code>isv.MOBILE_NUMBER_ILLEGAL</sub_code><sub_msg>号码格式错误</sub_msg><request_id>r4m2jfamrmxx</request_id></error_response><!--top010176049176.et2-->
